<?xml version="1.0" encoding="UTF-8" ?>
<testsuite tests="4" failures="0" name="be.manudahmen.growth.TestMethodEqualsSymbol" time="0" errors="0" skipped="0">
  <properties>
[...]
</properties>
  <testcase classname="be.manudahmen.growth.TestMethodEqualsSymbol" name="testEmpty" time="0"/>
  <testcase classname="be.manudahmen.growth.TestMethodEqualsSymbol" name="test1symbolDiff" time="0"/>
  <testcase classname="be.manudahmen.growth.TestMethodEqualsSymbol" name="testEmpty2" time="0"/>
  <testcase classname="be.manudahmen.growth.TestMethodEqualsSymbol" name="test1symbolId" time="0"/>
</testsuite>